<?xml version="1.0" encoding="UTF-8"?>
<!-- Generated by org.testng.reporters.JUnitXMLReporter -->
<testsuite hostname="sony-VAIO" name="Set1" tests="7" failures="0" timestamp="15 Sep 2017 13:25:55 GMT" time="80.415" errors="0">
  <testcase name="Invalid_Search_Item" time="27.599" classname="Scenario_Driver_Component.Search_an_item"/>
  <testcase name="Invalid_Search_Item" time="1.618" classname="Scenario_Driver_Component.Search_an_item"/>
  <testcase name="Valid_Search_Item" time="1.781" classname="Scenario_Driver_Component.Search_an_item"/>
  <testcase name="Valid_Search_Item" time="2.564" classname="Scenario_Driver_Component.Search_an_item"/>
  <testcase name="Valid_Search_Item" time="2.418" classname="Scenario_Driver_Component.Search_an_item"/>
  <testcase name="searchAParticularItem" time="18.545" classname="Scenario_Driver_Component.searchParticularItem"/>
  <testcase name="searchAParticularItem" time="14.529" classname="Scenario_Driver_Component.searchParticularItem"/>
</testsuite> <!-- Set1 -->
