<?xml version="1.0" encoding="UTF-8"?>
<!-- Generated by org.testng.reporters.JUnitXMLReporter -->
<testsuite hostname="sony-VAIO" name="Set1" tests="7" failures="0" timestamp="15 Sep 2017 09:45:54 GMT" time="53.392" errors="0">
  <testcase name="Invalid_Search_Item" time="8.404" classname="Scenario_Driver_Component.Search_an_item"/>
  <testcase name="Invalid_Search_Item" time="1.409" classname="Scenario_Driver_Component.Search_an_item"/>
  <testcase name="Valid_Search_Item" time="1.587" classname="Scenario_Driver_Component.Search_an_item"/>
  <testcase name="Valid_Search_Item" time="2.958" classname="Scenario_Driver_Component.Search_an_item"/>
  <testcase name="Valid_Search_Item" time="1.685" classname="Scenario_Driver_Component.Search_an_item"/>
  <testcase name="searchAParticularItem" time="14.628" classname="Scenario_Driver_Component.searchParticularItem"/>
  <testcase name="searchAParticularItem" time="13.569" classname="Scenario_Driver_Component.searchParticularItem"/>
</testsuite> <!-- Set1 -->
