<?xml version="1.0" encoding="UTF-8"?>
<!-- Generated by org.testng.reporters.JUnitXMLReporter -->
<testsuite hostname="sony-VAIO" name="Test" tests="2" failures="0" timestamp="14 Sep 2017 14:21:58 GMT" time="10.527" errors="0">
  <testcase name="Invalid_Search_Item" time="0.062" classname="Scenario_Driver_Component.Search_an_item">
    <skipped/>
  </testcase> <!-- Invalid_Search_Item -->
  <testcase name="Valid_Search_Item" time="0.001" classname="Scenario_Driver_Component.Search_an_item">
    <skipped/>
  </testcase> <!-- Valid_Search_Item -->
</testsuite> <!-- Test -->
