<?xml version="1.0" encoding="UTF-8"?>
<!-- Generated by org.testng.reporters.JUnitXMLReporter -->
<testsuite hostname="sony-VAIO" name="TestFF" tests="2" failures="0" timestamp="14 Sep 2017 11:19:36 GMT" time="0.09" errors="0">
  <testcase name="@BeforeClass launchBrowser" time="0.0" classname="Scenario_Driver_Component.Search_an_item">
    <skipped/>
  </testcase> <!-- @BeforeClass launchBrowser -->
  <testcase name="@AfterClass CloseBrowser" time="0.0" classname="Scenario_Driver_Component.Search_an_item">
    <skipped/>
  </testcase> <!-- @AfterClass CloseBrowser -->
  <testcase name="Invalid_Search_Item" time="0.04" classname="Scenario_Driver_Component.Search_an_item">
    <skipped/>
  </testcase> <!-- Invalid_Search_Item -->
  <testcase name="Valid_Search_Item" time="0.01" classname="Scenario_Driver_Component.Search_an_item">
    <skipped/>
  </testcase> <!-- Valid_Search_Item -->
</testsuite> <!-- TestFF -->
