<?xml version="1.0" encoding="UTF-8"?>
<!-- Generated by org.testng.reporters.JUnitXMLReporter -->
<testsuite hostname="sony-VAIO" name="Test" tests="5" failures="5" timestamp="15 Sep 2017 09:32:44 GMT" time="0.27" errors="0">
  <testcase name="Valid_Search_Item" time="0.01" classname="Scenario_Driver_Component.Search_an_item">
    <failure type="java.lang.NullPointerException">
      <![CDATA[java.lang.NullPointerException
	at Scenario_Driver_Component.Search_an_item.Valid_Search_Item(Search_an_item.java:56)
... Removed 24 stack frames]]>
    </failure>
  </testcase> <!-- Valid_Search_Item -->
  <testcase name="Valid_Search_Item" time="0.0" classname="Scenario_Driver_Component.Search_an_item">
    <failure type="java.lang.NullPointerException">
      <![CDATA[java.lang.NullPointerException
	at Scenario_Driver_Component.Search_an_item.Valid_Search_Item(Search_an_item.java:56)
... Removed 24 stack frames]]>
    </failure>
  </testcase> <!-- Valid_Search_Item -->
  <testcase name="Valid_Search_Item" time="0.0" classname="Scenario_Driver_Component.Search_an_item">
    <failure type="java.lang.NullPointerException">
      <![CDATA[java.lang.NullPointerException
	at Scenario_Driver_Component.Search_an_item.Valid_Search_Item(Search_an_item.java:56)
... Removed 24 stack frames]]>
    </failure>
  </testcase> <!-- Valid_Search_Item -->
  <testcase name="searchAParticularItem" time="0.0" classname="Scenario_Driver_Component.searchParticularItem">
    <failure type="java.lang.NullPointerException">
      <![CDATA[java.lang.NullPointerException
	at Scenario_Driver_Component.searchParticularItem.searchAParticularItem(searchParticularItem.java:26)
... Removed 24 stack frames]]>
    </failure>
  </testcase> <!-- searchAParticularItem -->
  <testcase name="searchAParticularItem" time="0.0" classname="Scenario_Driver_Component.searchParticularItem">
    <failure type="java.lang.NullPointerException">
      <![CDATA[java.lang.NullPointerException
	at Scenario_Driver_Component.searchParticularItem.searchAParticularItem(searchParticularItem.java:26)
... Removed 24 stack frames]]>
    </failure>
  </testcase> <!-- searchAParticularItem -->
</testsuite> <!-- Test -->
