<?xml version="1.0" encoding="UTF-8"?>
<!-- Generated by org.testng.reporters.JUnitXMLReporter -->
<testsuite hostname="sony-VAIO" name="TestGC" tests="7" failures="0" timestamp="15 Sep 2017 09:13:45 GMT" time="50.143" errors="0">
  <testcase name="Invalid_Search_Item" time="7.165" classname="Scenario_Driver_Component.Search_an_item"/>
  <testcase name="Invalid_Search_Item" time="1.411" classname="Scenario_Driver_Component.Search_an_item"/>
  <testcase name="Valid_Search_Item" time="1.31" classname="Scenario_Driver_Component.Search_an_item"/>
  <testcase name="Valid_Search_Item" time="2.785" classname="Scenario_Driver_Component.Search_an_item"/>
  <testcase name="Valid_Search_Item" time="1.882" classname="Scenario_Driver_Component.Search_an_item"/>
  <testcase name="searchAParticularItem" time="14.139" classname="Scenario_Driver_Component.searchParticularItem"/>
  <testcase name="searchAParticularItem" time="11.714" classname="Scenario_Driver_Component.searchParticularItem"/>
</testsuite> <!-- TestGC -->
