<?xml version="1.0" encoding="UTF-8"?>
<testsuite name="Set1"
           tests="5"
           failures="0"
           errors="0"
           skipped="0"
           time="35.980">
  <properties />
  
  
            <testcase name="Invalid_Search_Item" time="27.599" classname="Scenario_Driver_Component.Search_an_item" />
                <testcase name="Valid_Search_Item" time="2.418" classname="Scenario_Driver_Component.Search_an_item" />
                <testcase name="Valid_Search_Item" time="2.564" classname="Scenario_Driver_Component.Search_an_item" />
                <testcase name="Valid_Search_Item" time="1.781" classname="Scenario_Driver_Component.Search_an_item" />
                <testcase name="Invalid_Search_Item" time="1.618" classname="Scenario_Driver_Component.Search_an_item" />
      
</testsuite>
