<?xml version="1.0" encoding="UTF-8"?>
<testsuite name="TestGC"
           tests="5"
           failures="3"
           errors="0"
           skipped="2"
           time="0.000">
  <properties />
            <testcase name="screenshot1" time="0.000" classname="Scenario_Driver_Component.Search_an_item">
                <failure type="org.testng.TestNGException"
                  message="
Method screenshot1 requires 2 parameters but 0 were supplied in the @Configuration annotation."
              >
<![CDATA[org.testng.TestNGException: 
Method screenshot1 requires 2 parameters but 0 were supplied in the @Configuration annotation.
  org.testng.internal.Parameters.checkParameterTypes(Parameters.java:198)
  org.testng.internal.Parameters.createParameters(Parameters.java:134)
  org.testng.internal.Parameters.createParameters(Parameters.java:370)
  org.testng.internal.Parameters.createConfigurationParameters(Parameters.java:86)
  org.testng.internal.Invoker.invokeConfigurations(Invoker.java:199)
  org.testng.internal.Invoker.invokeConfigurations(Invoker.java:138)
  org.testng.SuiteRunner.privateRun(SuiteRunner.java:277)
  org.testng.SuiteRunner.run(SuiteRunner.java:240)
  org.testng.SuiteRunnerWorker.runSuite(SuiteRunnerWorker.java:52)
  org.testng.SuiteRunnerWorker.run(SuiteRunnerWorker.java:86)
  org.testng.TestNG.runSuitesSequentially(TestNG.java:1198)
  org.testng.TestNG.runSuitesLocally(TestNG.java:1123)
  org.testng.TestNG.run(TestNG.java:1031)
  org.testng.remote.AbstractRemoteTestNG.run(AbstractRemoteTestNG.java:132)
  org.testng.remote.RemoteTestNG.initAndRun(RemoteTestNG.java:230)
  org.testng.remote.RemoteTestNG.main(RemoteTestNG.java:76)
]]>
      </failure>

          </testcase>
            <testcase name="Invalid_Search_Item" time="0.000" classname="Scenario_Driver_Component.Search_an_item">
                <failure type="java.lang.RuntimeException"
                  message="org.apache.poi.poifs.filesystem.OfficeXmlFileException: The supplied data appears to be in the Office 2007+ XML. You are calling the part of POI that deals with OLE2 Office Documents. You need to call a different part of POI to process this data (eg XSSF instead of HSSF)"
              >
<![CDATA[java.lang.RuntimeException: org.apache.poi.poifs.filesystem.OfficeXmlFileException: The supplied data appears to be in the Office 2007+ XML. You are calling the part of POI that deals with OLE2 Office Documents. You need to call a different part of POI to process this data (eg XSSF instead of HSSF)
  org.testng.internal.MethodInvocationHelper.invokeDataProvider(MethodInvocationHelper.java:143)
  org.testng.internal.Parameters.handleParameters(Parameters.java:426)
  org.testng.internal.Invoker.handleParameters(Invoker.java:1383)
  org.testng.internal.Invoker.createParameters(Invoker.java:1075)
  org.testng.internal.Invoker.invokeTestMethods(Invoker.java:1180)
  org.testng.internal.TestMethodWorker.invokeTestMethods(TestMethodWorker.java:127)
  org.testng.internal.TestMethodWorker.run(TestMethodWorker.java:111)
  org.testng.TestRunner.privateRun(TestRunner.java:767)
  org.testng.TestRunner.run(TestRunner.java:617)
  org.testng.SuiteRunner.runTest(SuiteRunner.java:334)
  org.testng.SuiteRunner.access$000(SuiteRunner.java:37)
  org.testng.SuiteRunner$SuiteWorker.run(SuiteRunner.java:368)
  org.testng.internal.thread.ThreadUtil$2.call(ThreadUtil.java:64)
  java.util.concurrent.FutureTask.run(FutureTask.java:266)
  java.util.concurrent.ThreadPoolExecutor.runWorker(ThreadPoolExecutor.java:1142)
  java.util.concurrent.ThreadPoolExecutor$Worker.run(ThreadPoolExecutor.java:617)
  java.lang.Thread.run(Thread.java:748)
Caused by: org.apache.poi.poifs.filesystem.OfficeXmlFileException: The supplied data appears to be in the Office 2007+ XML. You are calling the part of POI that deals with OLE2 Office Documents. You need to call a different part of POI to process this data (eg XSSF instead of HSSF)
  org.apache.poi.poifs.storage.HeaderBlock.<init>(HeaderBlock.java:131)
  org.apache.poi.poifs.storage.HeaderBlock.<init>(HeaderBlock.java:104)
  org.apache.poi.poifs.filesystem.POIFSFileSystem.<init>(POIFSFileSystem.java:128)
  org.apache.poi.hssf.usermodel.HSSFWorkbook.<init>(HSSFWorkbook.java:342)
  org.apache.poi.hssf.usermodel.HSSFWorkbook.<init>(HSSFWorkbook.java:323)
  Generic_Component.ExcelReadWrite.<init>(ExcelReadWrite.java:23)
  DataProvider_Component.dataProvider.get_commons_method_data(dataProvider.java:34)
  DataProvider_Component.dataProvider.getInvalid_searchData(dataProvider.java:27)
  sun.reflect.NativeMethodAccessorImpl.invoke0(Native Method)
  sun.reflect.NativeMethodAccessorImpl.invoke(NativeMethodAccessorImpl.java:62)
  sun.reflect.DelegatingMethodAccessorImpl.invoke(DelegatingMethodAccessorImpl.java:43)
  java.lang.reflect.Method.invoke(Method.java:498)
  org.testng.internal.MethodInvocationHelper.invokeMethod(MethodInvocationHelper.java:80)
  org.testng.internal.MethodInvocationHelper.invokeDataProvider(MethodInvocationHelper.java:135)
  org.testng.internal.Parameters.handleParameters(Parameters.java:426)
  org.testng.internal.Invoker.handleParameters(Invoker.java:1383)
  org.testng.internal.Invoker.createParameters(Invoker.java:1075)
  org.testng.internal.Invoker.invokeTestMethods(Invoker.java:1180)
  org.testng.internal.TestMethodWorker.invokeTestMethods(TestMethodWorker.java:127)
  org.testng.internal.TestMethodWorker.run(TestMethodWorker.java:111)
  org.testng.TestRunner.privateRun(TestRunner.java:767)
  org.testng.TestRunner.run(TestRunner.java:617)
  org.testng.SuiteRunner.runTest(SuiteRunner.java:334)
  org.testng.SuiteRunner.access$000(SuiteRunner.java:37)
  org.testng.SuiteRunner$SuiteWorker.run(SuiteRunner.java:368)
  org.testng.internal.thread.ThreadUtil$2.call(ThreadUtil.java:64)
  java.util.concurrent.FutureTask.run(FutureTask.java:266)
  java.util.concurrent.ThreadPoolExecutor.runWorker(ThreadPoolExecutor.java:1142)
  java.util.concurrent.ThreadPoolExecutor$Worker.run(ThreadPoolExecutor.java:617)
  java.lang.Thread.run(Thread.java:748)
]]>
      </failure>

          </testcase>
            <testcase name="Valid_Search_Item" time="0.000" classname="Scenario_Driver_Component.Search_an_item">
                <failure type="java.lang.RuntimeException"
                  message="org.apache.poi.poifs.filesystem.OfficeXmlFileException: The supplied data appears to be in the Office 2007+ XML. You are calling the part of POI that deals with OLE2 Office Documents. You need to call a different part of POI to process this data (eg XSSF instead of HSSF)"
              >
<![CDATA[java.lang.RuntimeException: org.apache.poi.poifs.filesystem.OfficeXmlFileException: The supplied data appears to be in the Office 2007+ XML. You are calling the part of POI that deals with OLE2 Office Documents. You need to call a different part of POI to process this data (eg XSSF instead of HSSF)
  org.testng.internal.MethodInvocationHelper.invokeDataProvider(MethodInvocationHelper.java:143)
  org.testng.internal.Parameters.handleParameters(Parameters.java:426)
  org.testng.internal.Invoker.handleParameters(Invoker.java:1383)
  org.testng.internal.Invoker.createParameters(Invoker.java:1075)
  org.testng.internal.Invoker.invokeTestMethods(Invoker.java:1180)
  org.testng.internal.TestMethodWorker.invokeTestMethods(TestMethodWorker.java:127)
  org.testng.internal.TestMethodWorker.run(TestMethodWorker.java:111)
  org.testng.TestRunner.privateRun(TestRunner.java:767)
  org.testng.TestRunner.run(TestRunner.java:617)
  org.testng.SuiteRunner.runTest(SuiteRunner.java:334)
  org.testng.SuiteRunner.access$000(SuiteRunner.java:37)
  org.testng.SuiteRunner$SuiteWorker.run(SuiteRunner.java:368)
  org.testng.internal.thread.ThreadUtil$2.call(ThreadUtil.java:64)
  java.util.concurrent.FutureTask.run(FutureTask.java:266)
  java.util.concurrent.ThreadPoolExecutor.runWorker(ThreadPoolExecutor.java:1142)
  java.util.concurrent.ThreadPoolExecutor$Worker.run(ThreadPoolExecutor.java:617)
  java.lang.Thread.run(Thread.java:748)
Caused by: org.apache.poi.poifs.filesystem.OfficeXmlFileException: The supplied data appears to be in the Office 2007+ XML. You are calling the part of POI that deals with OLE2 Office Documents. You need to call a different part of POI to process this data (eg XSSF instead of HSSF)
  org.apache.poi.poifs.storage.HeaderBlock.<init>(HeaderBlock.java:131)
  org.apache.poi.poifs.storage.HeaderBlock.<init>(HeaderBlock.java:104)
  org.apache.poi.poifs.filesystem.POIFSFileSystem.<init>(POIFSFileSystem.java:128)
  org.apache.poi.hssf.usermodel.HSSFWorkbook.<init>(HSSFWorkbook.java:342)
  org.apache.poi.hssf.usermodel.HSSFWorkbook.<init>(HSSFWorkbook.java:323)
  Generic_Component.ExcelReadWrite.<init>(ExcelReadWrite.java:23)
  DataProvider_Component.dataProvider.get_commons_method_data(dataProvider.java:34)
  DataProvider_Component.dataProvider.getvalid_searchData(dataProvider.java:20)
  sun.reflect.NativeMethodAccessorImpl.invoke0(Native Method)
  sun.reflect.NativeMethodAccessorImpl.invoke(NativeMethodAccessorImpl.java:62)
  sun.reflect.DelegatingMethodAccessorImpl.invoke(DelegatingMethodAccessorImpl.java:43)
  java.lang.reflect.Method.invoke(Method.java:498)
  org.testng.internal.MethodInvocationHelper.invokeMethod(MethodInvocationHelper.java:80)
  org.testng.internal.MethodInvocationHelper.invokeDataProvider(MethodInvocationHelper.java:135)
  org.testng.internal.Parameters.handleParameters(Parameters.java:426)
  org.testng.internal.Invoker.handleParameters(Invoker.java:1383)
  org.testng.internal.Invoker.createParameters(Invoker.java:1075)
  org.testng.internal.Invoker.invokeTestMethods(Invoker.java:1180)
  org.testng.internal.TestMethodWorker.invokeTestMethods(TestMethodWorker.java:127)
  org.testng.internal.TestMethodWorker.run(TestMethodWorker.java:111)
  org.testng.TestRunner.privateRun(TestRunner.java:767)
  org.testng.TestRunner.run(TestRunner.java:617)
  org.testng.SuiteRunner.runTest(SuiteRunner.java:334)
  org.testng.SuiteRunner.access$000(SuiteRunner.java:37)
  org.testng.SuiteRunner$SuiteWorker.run(SuiteRunner.java:368)
  org.testng.internal.thread.ThreadUtil$2.call(ThreadUtil.java:64)
  java.util.concurrent.FutureTask.run(FutureTask.java:266)
  java.util.concurrent.ThreadPoolExecutor.runWorker(ThreadPoolExecutor.java:1142)
  java.util.concurrent.ThreadPoolExecutor$Worker.run(ThreadPoolExecutor.java:617)
  java.lang.Thread.run(Thread.java:748)
]]>
      </failure>

          </testcase>
  
            <testcase name="launchBrowser" time="0.0" classname="Scenario_Driver_Component.Search_an_item">
          <skipped />
    </testcase>
            <testcase name="CloseBrowser" time="0.0" classname="Scenario_Driver_Component.Search_an_item">
          <skipped />
    </testcase>
  
  
</testsuite>
