<?xml version="1.0" encoding="UTF-8"?>
<testng-results skipped="0" failed="0" total="7" passed="7">
  <reporter-output>
  </reporter-output>
  <suite name="Suite" duration-ms="80415" started-at="2017-09-15T13:24:34Z" finished-at="2017-09-15T13:25:55Z">
    <groups>
      <group name="InValid">
        <method signature="Search_an_item.Invalid_Search_Item(java.util.Map)[pri:0, instance:Scenario_Driver_Component.Search_an_item@5891e32e]" name="Invalid_Search_Item" class="Scenario_Driver_Component.Search_an_item"/>
      </group> <!-- InValid -->
      <group name="Valid">
        <method signature="Search_an_item.Valid_Search_Item(java.util.Map)[pri:0, instance:Scenario_Driver_Component.Search_an_item@5891e32e]" name="Valid_Search_Item" class="Scenario_Driver_Component.Search_an_item"/>
        <method signature="searchParticularItem.searchAParticularItem(java.util.Map)[pri:0, instance:Scenario_Driver_Component.searchParticularItem@3891771e]" name="searchAParticularItem" class="Scenario_Driver_Component.searchParticularItem"/>
      </group> <!-- Valid -->
    </groups>
    <test name="Set1" duration-ms="80415" started-at="2017-09-15T13:24:34Z" finished-at="2017-09-15T13:25:55Z">
      <class name="Scenario_Driver_Component.searchParticularItem">
        <test-method status="PASS" signature="searchAParticularItem(java.util.Map)[pri:0, instance:Scenario_Driver_Component.searchParticularItem@3891771e]" name="searchAParticularItem" duration-ms="18545" started-at="2017-09-15T18:55:18Z" data-provider="dp_ValidSearchItem" finished-at="2017-09-15T18:55:37Z">
          <params>
            <param index="0">
              <value>
                <![CDATA[{Order=1.0, Execute_Flag=Y, Script_Name=Valid, TC_ID=GB_01, Expected_Result=Reebok Men's Edge Quick 2.0 Running Shoes, Search_Item=Reebok Shoes}]]>
              </value>
            </param>
          </params>
          <reporter-output>
          </reporter-output>
        </test-method> <!-- searchAParticularItem -->
        <test-method status="PASS" signature="searchAParticularItem(java.util.Map)[pri:0, instance:Scenario_Driver_Component.searchParticularItem@3891771e]" name="searchAParticularItem" duration-ms="14529" started-at="2017-09-15T18:55:37Z" data-provider="dp_ValidSearchItem" finished-at="2017-09-15T18:55:51Z">
          <params>
            <param index="0">
              <value>
                <![CDATA[{Order=2.0, Execute_Flag=Y, Script_Name=Valid, TC_ID=GB_01, Expected_Result=HP 15-BU008TX 2017 15.6-inch Laptop, Search_Item=laptops}]]>
              </value>
            </param>
          </params>
          <reporter-output>
          </reporter-output>
        </test-method> <!-- searchAParticularItem -->
      </class> <!-- Scenario_Driver_Component.searchParticularItem -->
      <class name="Scenario_Driver_Component.Search_an_item">
        <test-method status="PASS" signature="init_extentSetup()[pri:0, instance:Scenario_Driver_Component.Search_an_item@5891e32e]" name="init_extentSetup" is-config="true" duration-ms="349" started-at="2017-09-15T18:54:34Z" finished-at="2017-09-15T18:54:34Z">
          <reporter-output>
          </reporter-output>
        </test-method> <!-- init_extentSetup -->
        <test-method status="PASS" signature="launchBrowser()[pri:0, instance:Scenario_Driver_Component.Search_an_item@5891e32e]" name="launchBrowser" is-config="true" duration-ms="7767" started-at="2017-09-15T18:54:34Z" finished-at="2017-09-15T18:54:42Z">
          <reporter-output>
          </reporter-output>
        </test-method> <!-- launchBrowser -->
        <test-method status="PASS" signature="Invalid_Search_Item(java.util.Map)[pri:0, instance:Scenario_Driver_Component.Search_an_item@5891e32e]" name="Invalid_Search_Item" duration-ms="27599" started-at="2017-09-15T18:54:42Z" data-provider="dp_InvalidSearch" finished-at="2017-09-15T18:55:10Z">
          <params>
            <param index="0">
              <value>
                <![CDATA[{Order=1.0, Execute_Flag=Y, Script_Name=Invalid, TC_ID=GB_01, Expected_Result=Your search "######" did not match any products., Search_Item=######}]]>
              </value>
            </param>
          </params>
          <reporter-output>
          </reporter-output>
        </test-method> <!-- Invalid_Search_Item -->
        <test-method status="PASS" signature="Invalid_Search_Item(java.util.Map)[pri:0, instance:Scenario_Driver_Component.Search_an_item@5891e32e]" name="Invalid_Search_Item" duration-ms="1618" started-at="2017-09-15T18:55:10Z" data-provider="dp_InvalidSearch" finished-at="2017-09-15T18:55:12Z">
          <params>
            <param index="0">
              <value>
                <![CDATA[{Order=2.0, Execute_Flag=Y, Script_Name=Invalid, TC_ID=GB_01, Expected_Result=Your search "@@@@@" did not match any products., Search_Item=@@@@@}]]>
              </value>
            </param>
          </params>
          <reporter-output>
          </reporter-output>
        </test-method> <!-- Invalid_Search_Item -->
        <test-method status="PASS" signature="Valid_Search_Item(java.util.Map)[pri:0, instance:Scenario_Driver_Component.Search_an_item@5891e32e]" name="Valid_Search_Item" duration-ms="1781" started-at="2017-09-15T18:55:12Z" data-provider="dp_ValidSearch" finished-at="2017-09-15T18:55:13Z">
          <params>
            <param index="0">
              <value>
                <![CDATA[{Order=1.0, Execute_Flag=Y, Script_Name=Valid, TC_ID=GB_02, Expected_Result=Reebok, Search_Item=Reebok Shoes}]]>
              </value>
            </param>
          </params>
          <reporter-output>
          </reporter-output>
        </test-method> <!-- Valid_Search_Item -->
        <test-method status="PASS" signature="Valid_Search_Item(java.util.Map)[pri:0, instance:Scenario_Driver_Component.Search_an_item@5891e32e]" name="Valid_Search_Item" duration-ms="2564" started-at="2017-09-15T18:55:13Z" data-provider="dp_ValidSearch" finished-at="2017-09-15T18:55:16Z">
          <params>
            <param index="0">
              <value>
                <![CDATA[{Order=1.0, Execute_Flag=Y, Script_Name=Valid, TC_ID=GB_03, Expected_Result=Speakers, Search_Item=JBL Speakers}]]>
              </value>
            </param>
          </params>
          <reporter-output>
          </reporter-output>
        </test-method> <!-- Valid_Search_Item -->
        <test-method status="PASS" signature="Valid_Search_Item(java.util.Map)[pri:0, instance:Scenario_Driver_Component.Search_an_item@5891e32e]" name="Valid_Search_Item" duration-ms="2418" started-at="2017-09-15T18:55:16Z" data-provider="dp_ValidSearch" finished-at="2017-09-15T18:55:18Z">
          <params>
            <param index="0">
              <value>
                <![CDATA[{Order=1.0, Execute_Flag=Y, Script_Name=Valid, TC_ID=GB_04, Expected_Result=water, Search_Item=Water Bottels}]]>
              </value>
            </param>
          </params>
          <reporter-output>
          </reporter-output>
        </test-method> <!-- Valid_Search_Item -->
        <test-method status="PASS" signature="CloseBrowser()[pri:0, instance:Scenario_Driver_Component.Search_an_item@5891e32e]" name="CloseBrowser" is-config="true" duration-ms="3138" started-at="2017-09-15T18:55:51Z" finished-at="2017-09-15T18:55:55Z">
          <reporter-output>
          </reporter-output>
        </test-method> <!-- CloseBrowser -->
      </class> <!-- Scenario_Driver_Component.Search_an_item -->
    </test> <!-- Set1 -->
  </suite> <!-- Suite -->
</testng-results>
